ERROR Internal Server Error: /django-admin/announcements/announcement/add/
Traceback (most recent call last):
  File "C:\Users\DFRANK\OneDrive - Vanguard Life Assurance\Documents\GitHub\SmartCalc-Backend\venv\Lib\site-packages\django\db\backends\utils.py", line 105, in _execute
    return self.cursor.execute(sql, params)
           ~~~~~~~~~~~~~~~~~~~^^^^^^^^^^^^^
  File "C:\Users\DFRANK\OneDrive - Vanguard Life Assurance\Documents\GitHub\SmartCalc-Backend\venv\Lib\site-packages\django\db\backends\sqlite3\base.py", line 360, in execute
    return super().execute(query, params)
           ~~~~~~~~~~~~~~~^^^^^^^^^^^^^^^
sqlite3.OperationalError: no such table: announcements_announcement

The above exception was the direct cause of the following exception:

Traceback (most recent call last):
  File "C:\Users\DFRANK\OneDrive - Vanguard Life Assurance\Documents\GitHub\SmartCalc-Backend\venv\Lib\site-packages\django\core\handlers\exception.py", line 55, in inner
    response = get_response(request)
  File "C:\Users\DFRANK\OneDrive - Vanguard Life Assurance\Documents\GitHub\SmartCalc-Backend\venv\Lib\site-packages\django\core\handlers\base.py", line 197, in _get_response
    response = wrapped_callback(request, *callback_args, **callback_kwargs)
  File "C:\Users\DFRANK\OneDrive - Vanguard Life Assurance\Documents\GitHub\SmartCalc-Backend\venv\Lib\site-packages\django\contrib\admin\options.py", line 719, in wrapper
    return self.admin_site.admin_view(view)(*args, **kwargs)
           ~~~~~~~~~~~~~~~~~~~~~~~~~~~~~~~~^^^^^^^^^^^^^^^^^
  File "C:\Users\DFRANK\OneDrive - Vanguard Life Assurance\Documents\GitHub\SmartCalc-Backend\venv\Lib\site-packages\django\utils\decorators.py", line 192, in _view_wrapper
    result = _process_exception(request, e)
  File "C:\Users\DFRANK\OneDrive - Vanguard Life Assurance\Documents\GitHub\SmartCalc-Backend\venv\Lib\site-packages\django\utils\decorators.py", line 190, in _view_wrapper
    response = view_func(request, *args, **kwargs)
  File "C:\Users\DFRANK\OneDrive - Vanguard Life Assurance\Documents\GitHub\SmartCalc-Backend\venv\Lib\site-packages\django\views\decorators\cache.py", line 80, in _view_wrapper
    response = view_func(request, *args, **kwargs)
  File "C:\Users\DFRANK\OneDrive - Vanguard Life Assurance\Documents\GitHub\SmartCalc-Backend\venv\Lib\site-packages\django\contrib\admin\sites.py", line 246, in inner
    return view(request, *args, **kwargs)
  File "C:\Users\DFRANK\OneDrive - Vanguard Life Assurance\Documents\GitHub\SmartCalc-Backend\venv\Lib\site-packages\django\contrib\admin\options.py", line 1984, in add_view
    return self.changeform_view(request, None, form_url, extra_context)
           ~~~~~~~~~~~~~~~~~~~~^^^^^^^^^^^^^^^^^^^^^^^^^^^^^^^^^^^^^^^^
  File "C:\Users\DFRANK\OneDrive - Vanguard Life Assurance\Documents\GitHub\SmartCalc-Backend\venv\Lib\site-packages\django\utils\decorators.py", line 48, in _wrapper
    return bound_method(*args, **kwargs)
  File "C:\Users\DFRANK\OneDrive - Vanguard Life Assurance\Documents\GitHub\SmartCalc-Backend\venv\Lib\site-packages\django\utils\decorators.py", line 192, in _view_wrapper
    result = _process_exception(request, e)
  File "C:\Users\DFRANK\OneDrive - Vanguard Life Assurance\Documents\GitHub\SmartCalc-Backend\venv\Lib\site-packages\django\utils\decorators.py", line 190, in _view_wrapper
    response = view_func(request, *args, **kwargs)
  File "C:\Users\DFRANK\OneDrive - Vanguard Life Assurance\Documents\GitHub\SmartCalc-Backend\venv\Lib\site-packages\django\contrib\admin\options.py", line 1843, in changeform_view
    return self._changeform_view(request, object_id, form_url, extra_context)
           ~~~~~~~~~~~~~~~~~~~~~^^^^^^^^^^^^^^^^^^^^^^^^^^^^^^^^^^^^^^^^^^^^^
  File "C:\Users\DFRANK\OneDrive - Vanguard Life Assurance\Documents\GitHub\SmartCalc-Backend\venv\Lib\site-packages\django\contrib\admin\options.py", line 1894, in _changeform_view
    self.save_model(request, new_object, form, not add)
    ~~~~~~~~~~~~~~~^^^^^^^^^^^^^^^^^^^^^^^^^^^^^^^^^^^^
  File "C:\Users\DFRANK\OneDrive - Vanguard Life Assurance\Documents\GitHub\SmartCalc-Backend\venv\Lib\site-packages\django\contrib\admin\options.py", line 1314, in save_model
    obj.save()
    ~~~~~~~~^^
  File "C:\Users\DFRANK\OneDrive - Vanguard Life Assurance\Documents\GitHub\SmartCalc-Backend\venv\Lib\site-packages\django\db\models\base.py", line 902, in save
    self.save_base(
    ~~~~~~~~~~~~~~^
        using=using,
        ^^^^^^^^^^^^
    ...<2 lines>...
        update_fields=update_fields,
        ^^^^^^^^^^^^^^^^^^^^^^^^^^^^
    )
    ^
  File "C:\Users\DFRANK\OneDrive - Vanguard Life Assurance\Documents\GitHub\SmartCalc-Backend\venv\Lib\site-packages\django\db\models\base.py", line 1008, in save_base
    updated = self._save_table(
        raw,
    ...<4 lines>...
        update_fields,
    )
  File "C:\Users\DFRANK\OneDrive - Vanguard Life Assurance\Documents\GitHub\SmartCalc-Backend\venv\Lib\site-packages\django\db\models\base.py", line 1169, in _save_table
    results = self._do_insert(
        cls._base_manager, using, fields, returning_fields, raw
    )
  File "C:\Users\DFRANK\OneDrive - Vanguard Life Assurance\Documents\GitHub\SmartCalc-Backend\venv\Lib\site-packages\django\db\models\base.py", line 1210, in _do_insert
    return manager._insert(
           ~~~~~~~~~~~~~~~^
        [self],
        ^^^^^^^
    ...<3 lines>...
        raw=raw,
        ^^^^^^^^
    )
    ^
  File "C:\Users\DFRANK\OneDrive - Vanguard Life Assurance\Documents\GitHub\SmartCalc-Backend\venv\Lib\site-packages\django\db\models\manager.py", line 87, in manager_method
    return getattr(self.get_queryset(), name)(*args, **kwargs)
           ~~~~~~~~~~~~~~~~~~~~~~~~~~~~~~~~~~^^^^^^^^^^^^^^^^^
  File "C:\Users\DFRANK\OneDrive - Vanguard Life Assurance\Documents\GitHub\SmartCalc-Backend\venv\Lib\site-packages\django\db\models\query.py", line 1873, in _insert
    return query.get_compiler(using=using).execute_sql(returning_fields)
           ~~~~~~~~~~~~~~~~~~~~~~~~~~~~~~~~~~~~~~~~~~~^^^^^^^^^^^^^^^^^^
  File "C:\Users\DFRANK\OneDrive - Vanguard Life Assurance\Documents\GitHub\SmartCalc-Backend\venv\Lib\site-packages\django\db\models\sql\compiler.py", line 1882, in execute_sql
    cursor.execute(sql, params)
    ~~~~~~~~~~~~~~^^^^^^^^^^^^^
  File "C:\Users\DFRANK\OneDrive - Vanguard Life Assurance\Documents\GitHub\SmartCalc-Backend\venv\Lib\site-packages\django\db\backends\utils.py", line 122, in execute
    return super().execute(sql, params)
           ~~~~~~~~~~~~~~~^^^^^^^^^^^^^
  File "C:\Users\DFRANK\OneDrive - Vanguard Life Assurance\Documents\GitHub\SmartCalc-Backend\venv\Lib\site-packages\django\db\backends\utils.py", line 79, in execute
    return self._execute_with_wrappers(
           ~~~~~~~~~~~~~~~~~~~~~~~~~~~^
        sql, params, many=False, executor=self._execute
        ^^^^^^^^^^^^^^^^^^^^^^^^^^^^^^^^^^^^^^^^^^^^^^^
    )
    ^
  File "C:\Users\DFRANK\OneDrive - Vanguard Life Assurance\Documents\GitHub\SmartCalc-Backend\venv\Lib\site-packages\django\db\backends\utils.py", line 92, in _execute_with_wrappers
    return executor(sql, params, many, context)
  File "C:\Users\DFRANK\OneDrive - Vanguard Life Assurance\Documents\GitHub\SmartCalc-Backend\venv\Lib\site-packages\django\db\backends\utils.py", line 100, in _execute
    with self.db.wrap_database_errors:
         ^^^^^^^^^^^^^^^^^^^^^^^^^^^^
  File "C:\Users\DFRANK\OneDrive - Vanguard Life Assurance\Documents\GitHub\SmartCalc-Backend\venv\Lib\site-packages\django\db\utils.py", line 91, in __exit__
    raise dj_exc_value.with_traceback(traceback) from exc_value
  File "C:\Users\DFRANK\OneDrive - Vanguard Life Assurance\Documents\GitHub\SmartCalc-Backend\venv\Lib\site-packages\django\db\backends\utils.py", line 105, in _execute
    return self.cursor.execute(sql, params)
           ~~~~~~~~~~~~~~~~~~~^^^^^^^^^^^^^
  File "C:\Users\DFRANK\OneDrive - Vanguard Life Assurance\Documents\GitHub\SmartCalc-Backend\venv\Lib\site-packages\django\db\backends\sqlite3\base.py", line 360, in execute
    return super().execute(query, params)
           ~~~~~~~~~~~~~~~^^^^^^^^^^^^^^^
django.db.utils.OperationalError: no such table: announcements_announcement
ERROR "POST /django-admin/announcements/announcement/add/ HTTP/1.1" 500 219197
