ERROR Internal Server Error: /django-admin/announcements/announcement/add/
Traceback (most recent call last):
  File "C:\Users\DFRANK\OneDrive - Vanguard Life Assurance\Documents\GitHub\SmartCalc-Backend\venv\Lib\site-packages\django\db\backends\utils.py", line 105, in _execute
    return self.cursor.execute(sql, params)
           ~~~~~~~~~~~~~~~~~~~^^^^^^^^^^^^^
  File "C:\Users\DFRANK\OneDrive - Vanguard Life Assurance\Documents\GitHub\SmartCalc-Backend\venv\Lib\site-packages\django\db\backends\sqlite3\base.py", line 360, in execute
    return super().execute(query, params)
           ~~~~~~~~~~~~~~~^^^^^^^^^^^^^^^
sqlite3.OperationalError: no such table: announcements_announcement

The above exception was the direct cause of the following exception:

Traceback (most recent call last):
  File "C:\Users\DFRANK\OneDrive - Vanguard Life Assurance\Documents\GitHub\SmartCalc-Backend\venv\Lib\site-packages\django\core\handlers\exception.py", line 55, in inner
    response = get_response(request)
  File "C:\Users\DFRANK\OneDrive - Vanguard Life Assurance\Documents\GitHub\SmartCalc-Backend\venv\Lib\site-packages\django\core\handlers\base.py", line 197, in _get_response
    response = wrapped_callback(request, *callback_args, **callback_kwargs)
  File "C:\Users\DFRANK\OneDrive - Vanguard Life Assurance\Documents\GitHub\SmartCalc-Backend\venv\Lib\site-packages\django\contrib\admin\options.py", line 719, in wrapper
    return self.admin_site.admin_view(view)(*args, **kwargs)
           ~~~~~~~~~~~~~~~~~~~~~~~~~~~~~~~~^^^^^^^^^^^^^^^^^
  File "C:\Users\DFRANK\OneDrive - Vanguard Life Assurance\Documents\GitHub\SmartCalc-Backend\venv\Lib\site-packages\django\utils\decorators.py", line 192, in _view_wrapper
    result = _process_exception(request, e)
  File "C:\Users\DFRANK\OneDrive - Vanguard Life Assurance\Documents\GitHub\SmartCalc-Backend\venv\Lib\site-packages\django\utils\decorators.py", line 190, in _view_wrapper
    response = view_func(request, *args, **kwargs)
  File "C:\Users\DFRANK\OneDrive - Vanguard Life Assurance\Documents\GitHub\SmartCalc-Backend\venv\Lib\site-packages\django\views\decorators\cache.py", line 80, in _view_wrapper
    response = view_func(request, *args, **kwargs)
  File "C:\Users\DFRANK\OneDrive - Vanguard Life Assurance\Documents\GitHub\SmartCalc-Backend\venv\Lib\site-packages\django\contrib\admin\sites.py", line 246, in inner
    return view(request, *args, **kwargs)
  File "C:\Users\DFRANK\OneDrive - Vanguard Life Assurance\Documents\GitHub\SmartCalc-Backend\venv\Lib\site-packages\django\contrib\admin\options.py", line 1984, in add_view
    return self.changeform_view(request, None, form_url, extra_context)
           ~~~~~~~~~~~~~~~~~~~~^^^^^^^^^^^^^^^^^^^^^^^^^^^^^^^^^^^^^^^^
  File "C:\Users\DFRANK\OneDrive - Vanguard Life Assurance\Documents\GitHub\SmartCalc-Backend\venv\Lib\site-packages\django\utils\decorators.py", line 48, in _wrapper
    return bound_method(*args, **kwargs)
  File "C:\Users\DFRANK\OneDrive - Vanguard Life Assurance\Documents\GitHub\SmartCalc-Backend\venv\Lib\site-packages\django\utils\decorators.py", line 192, in _view_wrapper
    result = _process_exception(request, e)
  File "C:\Users\DFRANK\OneDrive - Vanguard Life Assurance\Documents\GitHub\SmartCalc-Backend\venv\Lib\site-packages\django\utils\decorators.py", line 190, in _view_wrapper
    response = view_func(request, *args, **kwargs)
  File "C:\Users\DFRANK\OneDrive - Vanguard Life Assurance\Documents\GitHub\SmartCalc-Backend\venv\Lib\site-packages\django\contrib\admin\options.py", line 1843, in changeform_view
    return self._changeform_view(request, object_id, form_url, extra_context)
           ~~~~~~~~~~~~~~~~~~~~~^^^^^^^^^^^^^^^^^^^^^^^^^^^^^^^^^^^^^^^^^^^^^
  File "C:\Users\DFRANK\OneDrive - Vanguard Life Assurance\Documents\GitHub\SmartCalc-Backend\venv\Lib\site-packages\django\contrib\admin\options.py", line 1894, in _changeform_view
    self.save_model(request, new_object, form, not add)
    ~~~~~~~~~~~~~~~^^^^^^^^^^^^^^^^^^^^^^^^^^^^^^^^^^^^
  File "C:\Users\DFRANK\OneDrive - Vanguard Life Assurance\Documents\GitHub\SmartCalc-Backend\venv\Lib\site-packages\django\contrib\admin\options.py", line 1314, in save_model
    obj.save()
    ~~~~~~~~^^
  File "C:\Users\DFRANK\OneDrive - Vanguard Life Assurance\Documents\GitHub\SmartCalc-Backend\venv\Lib\site-packages\django\db\models\base.py", line 902, in save
    self.save_base(
    ~~~~~~~~~~~~~~^
        using=using,
        ^^^^^^^^^^^^
    ...<2 lines>...
        update_fields=update_fields,
        ^^^^^^^^^^^^^^^^^^^^^^^^^^^^
    )
    ^
  File "C:\Users\DFRANK\OneDrive - Vanguard Life Assurance\Documents\GitHub\SmartCalc-Backend\venv\Lib\site-packages\django\db\models\base.py", line 1008, in save_base
    updated = self._save_table(
        raw,
    ...<4 lines>...
        update_fields,
    )
  File "C:\Users\DFRANK\OneDrive - Vanguard Life Assurance\Documents\GitHub\SmartCalc-Backend\venv\Lib\site-packages\django\db\models\base.py", line 1169, in _save_table
    results = self._do_insert(
        cls._base_manager, using, fields, returning_fields, raw
    )
  File "C:\Users\DFRANK\OneDrive - Vanguard Life Assurance\Documents\GitHub\SmartCalc-Backend\venv\Lib\site-packages\django\db\models\base.py", line 1210, in _do_insert
    return manager._insert(
           ~~~~~~~~~~~~~~~^
        [self],
        ^^^^^^^
    ...<3 lines>...
        raw=raw,
        ^^^^^^^^
    )
    ^
  File "C:\Users\DFRANK\OneDrive - Vanguard Life Assurance\Documents\GitHub\SmartCalc-Backend\venv\Lib\site-packages\django\db\models\manager.py", line 87, in manager_method
    return getattr(self.get_queryset(), name)(*args, **kwargs)
           ~~~~~~~~~~~~~~~~~~~~~~~~~~~~~~~~~~^^^^^^^^^^^^^^^^^
  File "C:\Users\DFRANK\OneDrive - Vanguard Life Assurance\Documents\GitHub\SmartCalc-Backend\venv\Lib\site-packages\django\db\models\query.py", line 1873, in _insert
    return query.get_compiler(using=using).execute_sql(returning_fields)
           ~~~~~~~~~~~~~~~~~~~~~~~~~~~~~~~~~~~~~~~~~~~^^^^^^^^^^^^^^^^^^
  File "C:\Users\DFRANK\OneDrive - Vanguard Life Assurance\Documents\GitHub\SmartCalc-Backend\venv\Lib\site-packages\django\db\models\sql\compiler.py", line 1882, in execute_sql
    cursor.execute(sql, params)
    ~~~~~~~~~~~~~~^^^^^^^^^^^^^
  File "C:\Users\DFRANK\OneDrive - Vanguard Life Assurance\Documents\GitHub\SmartCalc-Backend\venv\Lib\site-packages\django\db\backends\utils.py", line 122, in execute
    return super().execute(sql, params)
           ~~~~~~~~~~~~~~~^^^^^^^^^^^^^
  File "C:\Users\DFRANK\OneDrive - Vanguard Life Assurance\Documents\GitHub\SmartCalc-Backend\venv\Lib\site-packages\django\db\backends\utils.py", line 79, in execute
    return self._execute_with_wrappers(
           ~~~~~~~~~~~~~~~~~~~~~~~~~~~^
        sql, params, many=False, executor=self._execute
        ^^^^^^^^^^^^^^^^^^^^^^^^^^^^^^^^^^^^^^^^^^^^^^^
    )
    ^
  File "C:\Users\DFRANK\OneDrive - Vanguard Life Assurance\Documents\GitHub\SmartCalc-Backend\venv\Lib\site-packages\django\db\backends\utils.py", line 92, in _execute_with_wrappers
    return executor(sql, params, many, context)
  File "C:\Users\DFRANK\OneDrive - Vanguard Life Assurance\Documents\GitHub\SmartCalc-Backend\venv\Lib\site-packages\django\db\backends\utils.py", line 100, in _execute
    with self.db.wrap_database_errors:
         ^^^^^^^^^^^^^^^^^^^^^^^^^^^^
  File "C:\Users\DFRANK\OneDrive - Vanguard Life Assurance\Documents\GitHub\SmartCalc-Backend\venv\Lib\site-packages\django\db\utils.py", line 91, in __exit__
    raise dj_exc_value.with_traceback(traceback) from exc_value
  File "C:\Users\DFRANK\OneDrive - Vanguard Life Assurance\Documents\GitHub\SmartCalc-Backend\venv\Lib\site-packages\django\db\backends\utils.py", line 105, in _execute
    return self.cursor.execute(sql, params)
           ~~~~~~~~~~~~~~~~~~~^^^^^^^^^^^^^
  File "C:\Users\DFRANK\OneDrive - Vanguard Life Assurance\Documents\GitHub\SmartCalc-Backend\venv\Lib\site-packages\django\db\backends\sqlite3\base.py", line 360, in execute
    return super().execute(query, params)
           ~~~~~~~~~~~~~~~^^^^^^^^^^^^^^^
django.db.utils.OperationalError: no such table: announcements_announcement
ERROR "POST /django-admin/announcements/announcement/add/ HTTP/1.1" 500 219197
ERROR Invalid HTTP_HOST header: '192.168.215.26:8000'. You may need to add '192.168.215.26' to ALLOWED_HOSTS.
Traceback (most recent call last):
  File "C:\Users\frank\Documents\GitHub\SmartCalc-Backend\venv\Lib\site-packages\django\core\handlers\exception.py", line 55, in inner
    response = get_response(request)
  File "C:\Users\frank\Documents\GitHub\SmartCalc-Backend\venv\Lib\site-packages\django\utils\deprecation.py", line 119, in __call__
    response = self.process_request(request)
  File "C:\Users\frank\Documents\GitHub\SmartCalc-Backend\venv\Lib\site-packages\django\middleware\common.py", line 48, in process_request
    host = request.get_host()
  File "C:\Users\frank\Documents\GitHub\SmartCalc-Backend\venv\Lib\site-packages\django\http\request.py", line 202, in get_host
    raise DisallowedHost(msg)
django.core.exceptions.DisallowedHost: Invalid HTTP_HOST header: '192.168.215.26:8000'. You may need to add '192.168.215.26' to ALLOWED_HOSTS.
ERROR Invalid HTTP_HOST header: '192.168.215.26:8000'. You may need to add '192.168.215.26' to ALLOWED_HOSTS.
Traceback (most recent call last):
  File "C:\Users\frank\Documents\GitHub\SmartCalc-Backend\venv\Lib\site-packages\django\core\handlers\exception.py", line 55, in inner
    response = get_response(request)
  File "C:\Users\frank\Documents\GitHub\SmartCalc-Backend\venv\Lib\site-packages\django\utils\deprecation.py", line 119, in __call__
    response = self.process_request(request)
  File "C:\Users\frank\Documents\GitHub\SmartCalc-Backend\venv\Lib\site-packages\django\middleware\common.py", line 48, in process_request
    host = request.get_host()
  File "C:\Users\frank\Documents\GitHub\SmartCalc-Backend\venv\Lib\site-packages\django\http\request.py", line 202, in get_host
    raise DisallowedHost(msg)
django.core.exceptions.DisallowedHost: Invalid HTTP_HOST header: '192.168.215.26:8000'. You may need to add '192.168.215.26' to ALLOWED_HOSTS.
ERROR Invalid HTTP_HOST header: '192.168.215.26:8000'. You may need to add '192.168.215.26' to ALLOWED_HOSTS.
Traceback (most recent call last):
  File "C:\Users\frank\Documents\GitHub\SmartCalc-Backend\venv\Lib\site-packages\django\core\handlers\exception.py", line 55, in inner
    response = get_response(request)
  File "C:\Users\frank\Documents\GitHub\SmartCalc-Backend\venv\Lib\site-packages\django\utils\deprecation.py", line 119, in __call__
    response = self.process_request(request)
  File "C:\Users\frank\Documents\GitHub\SmartCalc-Backend\venv\Lib\site-packages\django\middleware\common.py", line 48, in process_request
    host = request.get_host()
  File "C:\Users\frank\Documents\GitHub\SmartCalc-Backend\venv\Lib\site-packages\django\http\request.py", line 202, in get_host
    raise DisallowedHost(msg)
django.core.exceptions.DisallowedHost: Invalid HTTP_HOST header: '192.168.215.26:8000'. You may need to add '192.168.215.26' to ALLOWED_HOSTS.
ERROR Invalid HTTP_HOST header: '192.168.215.26:8000'. You may need to add '192.168.215.26' to ALLOWED_HOSTS.
Traceback (most recent call last):
  File "C:\Users\frank\Documents\GitHub\SmartCalc-Backend\venv\Lib\site-packages\django\core\handlers\exception.py", line 55, in inner
    response = get_response(request)
  File "C:\Users\frank\Documents\GitHub\SmartCalc-Backend\venv\Lib\site-packages\django\utils\deprecation.py", line 119, in __call__
    response = self.process_request(request)
  File "C:\Users\frank\Documents\GitHub\SmartCalc-Backend\venv\Lib\site-packages\django\middleware\common.py", line 48, in process_request
    host = request.get_host()
  File "C:\Users\frank\Documents\GitHub\SmartCalc-Backend\venv\Lib\site-packages\django\http\request.py", line 202, in get_host
    raise DisallowedHost(msg)
django.core.exceptions.DisallowedHost: Invalid HTTP_HOST header: '192.168.215.26:8000'. You may need to add '192.168.215.26' to ALLOWED_HOSTS.
ERROR Invalid HTTP_HOST header: '192.168.215.26:8000'. You may need to add '192.168.215.26' to ALLOWED_HOSTS.
Traceback (most recent call last):
  File "C:\Users\frank\Documents\GitHub\SmartCalc-Backend\venv\Lib\site-packages\django\core\handlers\exception.py", line 55, in inner
    response = get_response(request)
  File "C:\Users\frank\Documents\GitHub\SmartCalc-Backend\venv\Lib\site-packages\django\utils\deprecation.py", line 119, in __call__
    response = self.process_request(request)
  File "C:\Users\frank\Documents\GitHub\SmartCalc-Backend\venv\Lib\site-packages\django\middleware\common.py", line 48, in process_request
    host = request.get_host()
  File "C:\Users\frank\Documents\GitHub\SmartCalc-Backend\venv\Lib\site-packages\django\http\request.py", line 202, in get_host
    raise DisallowedHost(msg)
django.core.exceptions.DisallowedHost: Invalid HTTP_HOST header: '192.168.215.26:8000'. You may need to add '192.168.215.26' to ALLOWED_HOSTS.
ERROR Invalid HTTP_HOST header: '192.168.215.26:8000'. You may need to add '192.168.215.26' to ALLOWED_HOSTS.
Traceback (most recent call last):
  File "C:\Users\frank\Documents\GitHub\SmartCalc-Backend\venv\Lib\site-packages\django\core\handlers\exception.py", line 55, in inner
    response = get_response(request)
  File "C:\Users\frank\Documents\GitHub\SmartCalc-Backend\venv\Lib\site-packages\django\utils\deprecation.py", line 119, in __call__
    response = self.process_request(request)
  File "C:\Users\frank\Documents\GitHub\SmartCalc-Backend\venv\Lib\site-packages\django\middleware\common.py", line 48, in process_request
    host = request.get_host()
  File "C:\Users\frank\Documents\GitHub\SmartCalc-Backend\venv\Lib\site-packages\django\http\request.py", line 202, in get_host
    raise DisallowedHost(msg)
django.core.exceptions.DisallowedHost: Invalid HTTP_HOST header: '192.168.215.26:8000'. You may need to add '192.168.215.26' to ALLOWED_HOSTS.
ERROR Internal Server Error: /api/login/
Traceback (most recent call last):
  File "C:\Users\frank\Documents\GitHub\SmartCalc-Backend\venv\Lib\site-packages\django\db\models\fields\related_descriptors.py", line 516, in __get__
    rel_obj = self.related.get_cached_value(instance)
  File "C:\Users\frank\Documents\GitHub\SmartCalc-Backend\venv\Lib\site-packages\django\db\models\fields\mixins.py", line 37, in get_cached_value
    return instance._state.fields_cache[self.cache_name]
           ~~~~~~~~~~~~~~~~~~~~~~~~~~~~^^^^^^^^^^^^^^^^^
KeyError: 'userprofile'

During handling of the above exception, another exception occurred:

Traceback (most recent call last):
  File "C:\Users\frank\Documents\GitHub\SmartCalc-Backend\venv\Lib\site-packages\django\db\backends\utils.py", line 105, in _execute
    return self.cursor.execute(sql, params)
           ~~~~~~~~~~~~~~~~~~~^^^^^^^^^^^^^
  File "C:\Users\frank\Documents\GitHub\SmartCalc-Backend\venv\Lib\site-packages\django\db\backends\sqlite3\base.py", line 360, in execute
    return super().execute(query, params)
           ~~~~~~~~~~~~~~~^^^^^^^^^^^^^^^
sqlite3.OperationalError: no such table: users_userprofile

The above exception was the direct cause of the following exception:

Traceback (most recent call last):
  File "C:\Users\frank\Documents\GitHub\SmartCalc-Backend\venv\Lib\site-packages\django\core\handlers\exception.py", line 55, in inner
    response = get_response(request)
  File "C:\Users\frank\Documents\GitHub\SmartCalc-Backend\venv\Lib\site-packages\django\core\handlers\base.py", line 197, in _get_response
    response = wrapped_callback(request, *callback_args, **callback_kwargs)
  File "C:\Users\frank\Documents\GitHub\SmartCalc-Backend\venv\Lib\site-packages\django\views\decorators\csrf.py", line 65, in _view_wrapper
    return view_func(request, *args, **kwargs)
  File "C:\Users\frank\Documents\GitHub\SmartCalc-Backend\venv\Lib\site-packages\django\views\generic\base.py", line 105, in view
    return self.dispatch(request, *args, **kwargs)
           ~~~~~~~~~~~~~^^^^^^^^^^^^^^^^^^^^^^^^^^
  File "C:\Users\frank\Documents\GitHub\SmartCalc-Backend\venv\Lib\site-packages\rest_framework\views.py", line 515, in dispatch
    response = self.handle_exception(exc)
  File "C:\Users\frank\Documents\GitHub\SmartCalc-Backend\venv\Lib\site-packages\rest_framework\views.py", line 475, in handle_exception
    self.raise_uncaught_exception(exc)
    ~~~~~~~~~~~~~~~~~~~~~~~~~~~~~^^^^^
  File "C:\Users\frank\Documents\GitHub\SmartCalc-Backend\venv\Lib\site-packages\rest_framework\views.py", line 486, in raise_uncaught_exception
    raise exc
  File "C:\Users\frank\Documents\GitHub\SmartCalc-Backend\venv\Lib\site-packages\rest_framework\views.py", line 512, in dispatch
    response = handler(request, *args, **kwargs)
  File "C:\Users\frank\Documents\GitHub\SmartCalc-Backend\users\views.py", line 53, in post
    response = super().post(request, *args, **kwargs)
  File "C:\Users\frank\Documents\GitHub\SmartCalc-Backend\venv\Lib\site-packages\rest_framework_simplejwt\views.py", line 46, in post
    serializer.is_valid(raise_exception=True)
    ~~~~~~~~~~~~~~~~~~~^^^^^^^^^^^^^^^^^^^^^^
  File "C:\Users\frank\Documents\GitHub\SmartCalc-Backend\venv\Lib\site-packages\rest_framework\serializers.py", line 225, in is_valid
    self._validated_data = self.run_validation(self.initial_data)
                           ~~~~~~~~~~~~~~~~~~~^^^^^^^^^^^^^^^^^^^
  File "C:\Users\frank\Documents\GitHub\SmartCalc-Backend\venv\Lib\site-packages\rest_framework\serializers.py", line 447, in run_validation
    value = self.validate(value)
  File "C:\Users\frank\Documents\GitHub\SmartCalc-Backend\users\serializers.py", line 62, in validate
    "must_change_password": user.userprofile.must_change_password,
                            ^^^^^^^^^^^^^^^^
  File "C:\Users\frank\Documents\GitHub\SmartCalc-Backend\venv\Lib\site-packages\django\db\models\fields\related_descriptors.py", line 523, in __get__
    rel_obj = self.get_queryset(instance=instance).get(**filter_args)
  File "C:\Users\frank\Documents\GitHub\SmartCalc-Backend\venv\Lib\site-packages\django\db\models\query.py", line 631, in get
    num = len(clone)
  File "C:\Users\frank\Documents\GitHub\SmartCalc-Backend\venv\Lib\site-packages\django\db\models\query.py", line 368, in __len__
    self._fetch_all()
    ~~~~~~~~~~~~~~~^^
  File "C:\Users\frank\Documents\GitHub\SmartCalc-Backend\venv\Lib\site-packages\django\db\models\query.py", line 1954, in _fetch_all
    self._result_cache = list(self._iterable_class(self))
                         ~~~~^^^^^^^^^^^^^^^^^^^^^^^^^^^^
  File "C:\Users\frank\Documents\GitHub\SmartCalc-Backend\venv\Lib\site-packages\django\db\models\query.py", line 93, in __iter__
    results = compiler.execute_sql(
        chunked_fetch=self.chunked_fetch, chunk_size=self.chunk_size
    )
  File "C:\Users\frank\Documents\GitHub\SmartCalc-Backend\venv\Lib\site-packages\django\db\models\sql\compiler.py", line 1623, in execute_sql
    cursor.execute(sql, params)
    ~~~~~~~~~~~~~~^^^^^^^^^^^^^
  File "C:\Users\frank\Documents\GitHub\SmartCalc-Backend\venv\Lib\site-packages\django\db\backends\utils.py", line 122, in execute
    return super().execute(sql, params)
           ~~~~~~~~~~~~~~~^^^^^^^^^^^^^
  File "C:\Users\frank\Documents\GitHub\SmartCalc-Backend\venv\Lib\site-packages\django\db\backends\utils.py", line 79, in execute
    return self._execute_with_wrappers(
           ~~~~~~~~~~~~~~~~~~~~~~~~~~~^
        sql, params, many=False, executor=self._execute
        ^^^^^^^^^^^^^^^^^^^^^^^^^^^^^^^^^^^^^^^^^^^^^^^
    )
    ^
  File "C:\Users\frank\Documents\GitHub\SmartCalc-Backend\venv\Lib\site-packages\django\db\backends\utils.py", line 92, in _execute_with_wrappers
    return executor(sql, params, many, context)
  File "C:\Users\frank\Documents\GitHub\SmartCalc-Backend\venv\Lib\site-packages\django\db\backends\utils.py", line 100, in _execute
    with self.db.wrap_database_errors:
         ^^^^^^^^^^^^^^^^^^^^^^^^^^^^
  File "C:\Users\frank\Documents\GitHub\SmartCalc-Backend\venv\Lib\site-packages\django\db\utils.py", line 91, in __exit__
    raise dj_exc_value.with_traceback(traceback) from exc_value
  File "C:\Users\frank\Documents\GitHub\SmartCalc-Backend\venv\Lib\site-packages\django\db\backends\utils.py", line 105, in _execute
    return self.cursor.execute(sql, params)
           ~~~~~~~~~~~~~~~~~~~^^^^^^^^^^^^^
  File "C:\Users\frank\Documents\GitHub\SmartCalc-Backend\venv\Lib\site-packages\django\db\backends\sqlite3\base.py", line 360, in execute
    return super().execute(query, params)
           ~~~~~~~~~~~~~~~^^^^^^^^^^^^^^^
django.db.utils.OperationalError: no such table: users_userprofile
ERROR "POST /api/login/ HTTP/1.1" 500 195077
ERROR Internal Server Error: /api/login/
Traceback (most recent call last):
  File "C:\Users\frank\Documents\GitHub\SmartCalc-Backend\venv\Lib\site-packages\django\db\models\fields\related_descriptors.py", line 516, in __get__
    rel_obj = self.related.get_cached_value(instance)
  File "C:\Users\frank\Documents\GitHub\SmartCalc-Backend\venv\Lib\site-packages\django\db\models\fields\mixins.py", line 37, in get_cached_value
    return instance._state.fields_cache[self.cache_name]
           ~~~~~~~~~~~~~~~~~~~~~~~~~~~~^^^^^^^^^^^^^^^^^
KeyError: 'userprofile'

During handling of the above exception, another exception occurred:

Traceback (most recent call last):
  File "C:\Users\frank\Documents\GitHub\SmartCalc-Backend\venv\Lib\site-packages\django\db\backends\utils.py", line 105, in _execute
    return self.cursor.execute(sql, params)
           ~~~~~~~~~~~~~~~~~~~^^^^^^^^^^^^^
  File "C:\Users\frank\Documents\GitHub\SmartCalc-Backend\venv\Lib\site-packages\django\db\backends\sqlite3\base.py", line 360, in execute
    return super().execute(query, params)
           ~~~~~~~~~~~~~~~^^^^^^^^^^^^^^^
sqlite3.OperationalError: no such table: users_userprofile

The above exception was the direct cause of the following exception:

Traceback (most recent call last):
  File "C:\Users\frank\Documents\GitHub\SmartCalc-Backend\venv\Lib\site-packages\django\core\handlers\exception.py", line 55, in inner
    response = get_response(request)
  File "C:\Users\frank\Documents\GitHub\SmartCalc-Backend\venv\Lib\site-packages\django\core\handlers\base.py", line 197, in _get_response
    response = wrapped_callback(request, *callback_args, **callback_kwargs)
  File "C:\Users\frank\Documents\GitHub\SmartCalc-Backend\venv\Lib\site-packages\django\views\decorators\csrf.py", line 65, in _view_wrapper
    return view_func(request, *args, **kwargs)
  File "C:\Users\frank\Documents\GitHub\SmartCalc-Backend\venv\Lib\site-packages\django\views\generic\base.py", line 105, in view
    return self.dispatch(request, *args, **kwargs)
           ~~~~~~~~~~~~~^^^^^^^^^^^^^^^^^^^^^^^^^^
  File "C:\Users\frank\Documents\GitHub\SmartCalc-Backend\venv\Lib\site-packages\rest_framework\views.py", line 515, in dispatch
    response = self.handle_exception(exc)
  File "C:\Users\frank\Documents\GitHub\SmartCalc-Backend\venv\Lib\site-packages\rest_framework\views.py", line 475, in handle_exception
    self.raise_uncaught_exception(exc)
    ~~~~~~~~~~~~~~~~~~~~~~~~~~~~~^^^^^
  File "C:\Users\frank\Documents\GitHub\SmartCalc-Backend\venv\Lib\site-packages\rest_framework\views.py", line 486, in raise_uncaught_exception
    raise exc
  File "C:\Users\frank\Documents\GitHub\SmartCalc-Backend\venv\Lib\site-packages\rest_framework\views.py", line 512, in dispatch
    response = handler(request, *args, **kwargs)
  File "C:\Users\frank\Documents\GitHub\SmartCalc-Backend\users\views.py", line 53, in post
    response = super().post(request, *args, **kwargs)
  File "C:\Users\frank\Documents\GitHub\SmartCalc-Backend\venv\Lib\site-packages\rest_framework_simplejwt\views.py", line 46, in post
    serializer.is_valid(raise_exception=True)
    ~~~~~~~~~~~~~~~~~~~^^^^^^^^^^^^^^^^^^^^^^
  File "C:\Users\frank\Documents\GitHub\SmartCalc-Backend\venv\Lib\site-packages\rest_framework\serializers.py", line 225, in is_valid
    self._validated_data = self.run_validation(self.initial_data)
                           ~~~~~~~~~~~~~~~~~~~^^^^^^^^^^^^^^^^^^^
  File "C:\Users\frank\Documents\GitHub\SmartCalc-Backend\venv\Lib\site-packages\rest_framework\serializers.py", line 447, in run_validation
    value = self.validate(value)
  File "C:\Users\frank\Documents\GitHub\SmartCalc-Backend\users\serializers.py", line 62, in validate
    "must_change_password": user.userprofile.must_change_password,
                            ^^^^^^^^^^^^^^^^
  File "C:\Users\frank\Documents\GitHub\SmartCalc-Backend\venv\Lib\site-packages\django\db\models\fields\related_descriptors.py", line 523, in __get__
    rel_obj = self.get_queryset(instance=instance).get(**filter_args)
  File "C:\Users\frank\Documents\GitHub\SmartCalc-Backend\venv\Lib\site-packages\django\db\models\query.py", line 631, in get
    num = len(clone)
  File "C:\Users\frank\Documents\GitHub\SmartCalc-Backend\venv\Lib\site-packages\django\db\models\query.py", line 368, in __len__
    self._fetch_all()
    ~~~~~~~~~~~~~~~^^
  File "C:\Users\frank\Documents\GitHub\SmartCalc-Backend\venv\Lib\site-packages\django\db\models\query.py", line 1954, in _fetch_all
    self._result_cache = list(self._iterable_class(self))
                         ~~~~^^^^^^^^^^^^^^^^^^^^^^^^^^^^
  File "C:\Users\frank\Documents\GitHub\SmartCalc-Backend\venv\Lib\site-packages\django\db\models\query.py", line 93, in __iter__
    results = compiler.execute_sql(
        chunked_fetch=self.chunked_fetch, chunk_size=self.chunk_size
    )
  File "C:\Users\frank\Documents\GitHub\SmartCalc-Backend\venv\Lib\site-packages\django\db\models\sql\compiler.py", line 1623, in execute_sql
    cursor.execute(sql, params)
    ~~~~~~~~~~~~~~^^^^^^^^^^^^^
  File "C:\Users\frank\Documents\GitHub\SmartCalc-Backend\venv\Lib\site-packages\django\db\backends\utils.py", line 122, in execute
    return super().execute(sql, params)
           ~~~~~~~~~~~~~~~^^^^^^^^^^^^^
  File "C:\Users\frank\Documents\GitHub\SmartCalc-Backend\venv\Lib\site-packages\django\db\backends\utils.py", line 79, in execute
    return self._execute_with_wrappers(
           ~~~~~~~~~~~~~~~~~~~~~~~~~~~^
        sql, params, many=False, executor=self._execute
        ^^^^^^^^^^^^^^^^^^^^^^^^^^^^^^^^^^^^^^^^^^^^^^^
    )
    ^
  File "C:\Users\frank\Documents\GitHub\SmartCalc-Backend\venv\Lib\site-packages\django\db\backends\utils.py", line 92, in _execute_with_wrappers
    return executor(sql, params, many, context)
  File "C:\Users\frank\Documents\GitHub\SmartCalc-Backend\venv\Lib\site-packages\django\db\backends\utils.py", line 100, in _execute
    with self.db.wrap_database_errors:
         ^^^^^^^^^^^^^^^^^^^^^^^^^^^^
  File "C:\Users\frank\Documents\GitHub\SmartCalc-Backend\venv\Lib\site-packages\django\db\utils.py", line 91, in __exit__
    raise dj_exc_value.with_traceback(traceback) from exc_value
  File "C:\Users\frank\Documents\GitHub\SmartCalc-Backend\venv\Lib\site-packages\django\db\backends\utils.py", line 105, in _execute
    return self.cursor.execute(sql, params)
           ~~~~~~~~~~~~~~~~~~~^^^^^^^^^^^^^
  File "C:\Users\frank\Documents\GitHub\SmartCalc-Backend\venv\Lib\site-packages\django\db\backends\sqlite3\base.py", line 360, in execute
    return super().execute(query, params)
           ~~~~~~~~~~~~~~~^^^^^^^^^^^^^^^
django.db.utils.OperationalError: no such table: users_userprofile
ERROR "POST /api/login/ HTTP/1.1" 500 195486
ERROR Internal Server Error: /api/login/
Traceback (most recent call last):
  File "C:\Users\frank\Documents\GitHub\SmartCalc-Backend\venv\Lib\site-packages\django\core\handlers\exception.py", line 55, in inner
    response = get_response(request)
  File "C:\Users\frank\Documents\GitHub\SmartCalc-Backend\venv\Lib\site-packages\django\core\handlers\base.py", line 197, in _get_response
    response = wrapped_callback(request, *callback_args, **callback_kwargs)
  File "C:\Users\frank\Documents\GitHub\SmartCalc-Backend\venv\Lib\site-packages\django\views\decorators\csrf.py", line 65, in _view_wrapper
    return view_func(request, *args, **kwargs)
  File "C:\Users\frank\Documents\GitHub\SmartCalc-Backend\venv\Lib\site-packages\django\views\generic\base.py", line 105, in view
    return self.dispatch(request, *args, **kwargs)
           ~~~~~~~~~~~~~^^^^^^^^^^^^^^^^^^^^^^^^^^
  File "C:\Users\frank\Documents\GitHub\SmartCalc-Backend\venv\Lib\site-packages\rest_framework\views.py", line 515, in dispatch
    response = self.handle_exception(exc)
  File "C:\Users\frank\Documents\GitHub\SmartCalc-Backend\venv\Lib\site-packages\rest_framework\views.py", line 475, in handle_exception
    self.raise_uncaught_exception(exc)
    ~~~~~~~~~~~~~~~~~~~~~~~~~~~~~^^^^^
  File "C:\Users\frank\Documents\GitHub\SmartCalc-Backend\venv\Lib\site-packages\rest_framework\views.py", line 486, in raise_uncaught_exception
    raise exc
  File "C:\Users\frank\Documents\GitHub\SmartCalc-Backend\venv\Lib\site-packages\rest_framework\views.py", line 512, in dispatch
    response = handler(request, *args, **kwargs)
  File "C:\Users\frank\Documents\GitHub\SmartCalc-Backend\users\views.py", line 53, in post
    response = super().post(request, *args, **kwargs)
  File "C:\Users\frank\Documents\GitHub\SmartCalc-Backend\venv\Lib\site-packages\rest_framework_simplejwt\views.py", line 46, in post
    serializer.is_valid(raise_exception=True)
    ~~~~~~~~~~~~~~~~~~~^^^^^^^^^^^^^^^^^^^^^^
  File "C:\Users\frank\Documents\GitHub\SmartCalc-Backend\venv\Lib\site-packages\rest_framework\serializers.py", line 225, in is_valid
    self._validated_data = self.run_validation(self.initial_data)
                           ~~~~~~~~~~~~~~~~~~~^^^^^^^^^^^^^^^^^^^
  File "C:\Users\frank\Documents\GitHub\SmartCalc-Backend\venv\Lib\site-packages\rest_framework\serializers.py", line 447, in run_validation
    value = self.validate(value)
  File "C:\Users\frank\Documents\GitHub\SmartCalc-Backend\users\serializers.py", line 62, in validate
    "must_change_password": user.userprofile.must_change_password,
                            ^^^^^^^^^^^^^^^^
  File "C:\Users\frank\Documents\GitHub\SmartCalc-Backend\venv\Lib\site-packages\django\db\models\fields\related_descriptors.py", line 534, in __get__
    raise self.RelatedObjectDoesNotExist(
    ...<2 lines>...
    )
django.contrib.auth.models.User.userprofile.RelatedObjectDoesNotExist: User has no userprofile.
ERROR "POST /api/login/ HTTP/1.1" 500 120008
